[2023-08-28 04:30:03.909] [info] Using configuration file /home/cworld/.config/waybar/config.jsonc
[2023-08-28 04:30:03.909] [info] Including resource file: ~/.config/waybar/modules.jsonc
[2023-08-28 04:30:03.909] [info] Using CSS file /home/cworld/.config/waybar/style.css
[2023-08-28 04:30:03.916] [info] Hyprland IPC starting
[2023-08-28 04:30:04.124] [info] Bar configured (width: 1466, height: 36) for output: eDP-2
[2023-08-28 04:30:40.956] [info] Using configuration file /home/cworld/.config/waybar/config.jsonc
[2023-08-28 04:30:40.956] [info] Including resource file: ~/.config/waybar/modules.jsonc
[2023-08-28 04:30:40.956] [info] Using CSS file /home/cworld/.config/waybar/style.css
[2023-08-28 04:30:40.964] [info] Hyprland IPC starting
[2023-08-28 04:30:41.162] [info] Bar configured (width: 1466, height: 36) for output: eDP-2
[2023-08-28 04:31:24.628] [info] Using configuration file /home/cworld/.config/waybar/config.jsonc
[2023-08-28 04:31:24.628] [info] Including resource file: ~/.config/waybar/modules.jsonc
[2023-08-28 04:31:24.628] [info] Using CSS file /home/cworld/.config/waybar/style.css
[2023-08-28 04:31:24.636] [info] Hyprland IPC starting
[2023-08-28 04:31:24.833] [info] Bar configured (width: 1466, height: 36) for output: eDP-2
[2023-08-28 04:33:44.155] [info] Using configuration file /home/cworld/.config/waybar/config.jsonc
[2023-08-28 04:33:44.155] [info] Including resource file: ~/.config/waybar/modules.jsonc
[2023-08-28 04:33:44.155] [info] Using CSS file /home/cworld/.config/waybar/style.css
[2023-08-28 04:33:44.164] [info] Hyprland IPC starting
[2023-08-28 04:33:44.259] [info] Bar configured (width: 1466, height: 36) for output: eDP-2
[2023-08-28 04:39:10.721] [info] Using configuration file /home/cworld/.config/waybar/config.jsonc
[2023-08-28 04:39:10.721] [info] Including resource file: ~/.config/waybar/modules.jsonc
[2023-08-28 04:39:10.721] [info] Using CSS file /home/cworld/.config/waybar/style.css
[2023-08-28 04:39:10.729] [info] Hyprland IPC starting
[2023-08-28 04:39:10.824] [info] Bar configured (width: 1466, height: 36) for output: eDP-2
[2023-08-28 04:39:40.684] [info] Using configuration file /home/cworld/.config/waybar/config.jsonc
[2023-08-28 04:39:40.684] [info] Including resource file: ~/.config/waybar/modules.jsonc
[2023-08-28 04:39:40.684] [info] Using CSS file /home/cworld/.config/waybar/style.css
[2023-08-28 04:39:40.692] [info] Hyprland IPC starting
[2023-08-28 04:39:40.788] [info] Bar configured (width: 1466, height: 36) for output: eDP-2
[2023-08-28 04:39:43.745] [info] Using configuration file /home/cworld/.config/waybar/config.jsonc
[2023-08-28 04:39:43.745] [info] Including resource file: ~/.config/waybar/modules.jsonc
[2023-08-28 04:39:43.746] [info] Using CSS file /home/cworld/.config/waybar/style.css
[2023-08-28 04:39:43.753] [info] Hyprland IPC starting
[2023-08-28 04:39:43.848] [info] Bar configured (width: 1466, height: 36) for output: eDP-2
[2023-08-28 04:40:36.555] [info] Using configuration file /home/cworld/.config/waybar/config.jsonc
[2023-08-28 04:40:36.555] [info] Including resource file: ~/.config/waybar/modules.jsonc
[2023-08-28 04:40:36.555] [info] Using CSS file /home/cworld/.config/waybar/style.css
[2023-08-28 04:40:36.562] [info] Hyprland IPC starting
[2023-08-28 04:40:36.661] [info] Bar configured (width: 1466, height: 36) for output: eDP-2
[2023-08-28 04:41:21.227] [info] Using configuration file /home/cworld/.config/waybar/config.jsonc
[2023-08-28 04:41:21.227] [info] Including resource file: ~/.config/waybar/modules.jsonc
[2023-08-28 04:41:21.227] [info] Using CSS file /home/cworld/.config/waybar/style.css
[2023-08-28 04:41:21.235] [info] Hyprland IPC starting
[2023-08-28 04:41:21.332] [info] Bar configured (width: 1466, height: 36) for output: eDP-2
/home/cworld/Pictures/Wallpapers/lvntcnylmz/disco.png
ok
ok
ok
/home/cworld/Pictures/Wallpapers/手指断了a/02.jpg
ok
ok
ok
truefalsetruefalsetruefalsetrue[2023-08-28 05:04:49.700] [info] Using configuration file /home/cworld/.config/waybar/config.jsonc
[2023-08-28 05:04:49.700] [info] Including resource file: ~/.config/waybar/modules.jsonc
[2023-08-28 05:04:49.700] [info] Using CSS file /home/cworld/.config/waybar/style.css
[2023-08-28 05:04:49.708] [info] Hyprland IPC starting
[2023-08-28 05:04:49.801] [info] Bar configured (width: 1466, height: 36) for output: eDP-2
Gdk-Message: 05:05:34.808: Error flushing display: Broken pipe
